<?xml version="1.0" encoding="UTF-8"?>
<testsuite xmlns:xsi="http://www.w3.org/2001/XMLSchema-instance" xsi:noNamespaceSchemaLocation="https://maven.apache.org/surefire/maven-surefire-plugin/xsd/surefire-test-report.xsd" name="JuegoTest" time="0.089" tests="7" errors="0" skipped="0" failures="0">
  <properties>
[...]
</properties>
  <testcase name="nuevaPartida" classname="JuegoTest" time="0.015"/>
  <testcase name="jugar_sin_ficha{short, short}[1]" classname="JuegoTest" time="0.016"/>
  <testcase name="jugar_sin_ficha{short, short}[2]" classname="JuegoTest" time="0.001"/>
  <testcase name="jugar_sin_ficha{short, short}[3]" classname="JuegoTest" time="0"/>
  <testcase name="jugar_sin_ficha{short, short}[4]" classname="JuegoTest" time="0.001"/>
  <testcase name="jugar_con_ficha{short, short, short, short}[1]" classname="JuegoTest" time="0.001"/>
  <testcase name="jugar_con_ficha{short, short, short, short}[2]" classname="JuegoTest" time="0.001"/>
</testsuite>